Fold 0
Model 0 best validation auc = 0.896578 on epoch 21
Model 0 test auc = 0.842455
Model 0 test prc-auc = 0.837279
Model 0 test accuracy = 0.778626
Model 1 best validation auc = 0.895814 on epoch 32
Model 1 test auc = 0.849762
Model 1 test prc-auc = 0.842646
Model 1 test accuracy = 0.794847
Ensemble test auc = 0.847979
Ensemble test prc-auc = 0.840231
Ensemble test accuracy = 0.789122
Fold 1
Model 0 best validation auc = 0.825594 on epoch 39
Model 0 test auc = 0.868087
Model 0 test prc-auc = 0.867115
Model 0 test accuracy = 0.791985
Model 1 best validation auc = 0.816286 on epoch 37
Model 1 test auc = 0.872231
Model 1 test prc-auc = 0.861775
Model 1 test accuracy = 0.789122
Ensemble test auc = 0.872509
Ensemble test prc-auc = 0.866914
Ensemble test accuracy = 0.796756
Fold 2
Model 0 best validation auc = 0.867911 on epoch 35
Model 0 test auc = 0.871208
Model 0 test prc-auc = 0.902868
Model 0 test accuracy = 0.792939
Model 1 best validation auc = 0.867299 on epoch 36
Model 1 test auc = 0.872983
Model 1 test prc-auc = 0.901743
Model 1 test accuracy = 0.793893
Ensemble test auc = 0.873651
Ensemble test prc-auc = 0.903649
Ensemble test accuracy = 0.794847
Fold 3
Model 0 best validation auc = 0.853044 on epoch 36
Model 0 test auc = 0.894852
Model 0 test prc-auc = 0.920812
Model 0 test accuracy = 0.821565
Model 1 best validation auc = 0.850981 on epoch 29
Model 1 test auc = 0.895414
Model 1 test prc-auc = 0.924372
Model 1 test accuracy = 0.814885
Ensemble test auc = 0.897505
Ensemble test prc-auc = 0.926361
Ensemble test accuracy = 0.823473
Fold 4
Model 0 best validation auc = 0.878914 on epoch 34
Model 0 test auc = 0.894428
Model 0 test prc-auc = 0.931363
Model 0 test accuracy = 0.817748
Model 1 best validation auc = 0.883510 on epoch 27
Model 1 test auc = 0.894545
Model 1 test prc-auc = 0.929094
Model 1 test accuracy = 0.818702
Ensemble test auc = 0.897220
Ensemble test prc-auc = 0.932095
Ensemble test accuracy = 0.823473
5-fold cross validation
	Seed 0 ==> test auc = 0.847979
	Seed 0 ==> test prc-auc = 0.840231
	Seed 0 ==> test accuracy = 0.789122
	Seed 1 ==> test auc = 0.872509
	Seed 1 ==> test prc-auc = 0.866914
	Seed 1 ==> test accuracy = 0.796756
	Seed 2 ==> test auc = 0.873651
	Seed 2 ==> test prc-auc = 0.903649
	Seed 2 ==> test accuracy = 0.794847
	Seed 3 ==> test auc = 0.897505
	Seed 3 ==> test prc-auc = 0.926361
	Seed 3 ==> test accuracy = 0.823473
	Seed 4 ==> test auc = 0.897220
	Seed 4 ==> test prc-auc = 0.932095
	Seed 4 ==> test accuracy = 0.823473
Overall test auc = 0.877773 +/- 0.018439
Overall test prc-auc = 0.893850 +/- 0.035260
Overall test accuracy = 0.805534 +/- 0.014861
Elapsed time = 2:27:18
