Fold 0
Model 0 best validation auc = 1.000000 on epoch 4
Model 0 test auc = 0.734375
Model 0 test prc-auc = 0.218056
Model 0 test accuracy = 0.888889
Model 1 best validation auc = 1.000000 on epoch 6
Model 1 test auc = 0.734375
Model 1 test prc-auc = 0.218056
Model 1 test accuracy = 0.888889
Model 2 best validation auc = 1.000000 on epoch 7
Model 2 test auc = 0.734375
Model 2 test prc-auc = 0.218056
Model 2 test accuracy = 0.888889
Ensemble test auc = 0.734375
Ensemble test prc-auc = 0.218056
Ensemble test accuracy = 0.888889
Fold 1
Model 0 best validation auc = 0.908654 on epoch 4
Model 0 test auc = 0.700893
Model 0 test prc-auc = 0.271154
Model 0 test accuracy = 0.820513
Model 1 best validation auc = 0.908654 on epoch 9
Model 1 test auc = 0.754464
Model 1 test prc-auc = 0.594733
Model 1 test accuracy = 0.820513
Model 2 best validation auc = 0.923077 on epoch 0
Model 2 test auc = 0.352679
Model 2 test prc-auc = 0.135353
Model 2 test accuracy = 0.820513
Ensemble test auc = 0.741071
Ensemble test prc-auc = 0.592582
Ensemble test accuracy = 0.820513
Fold 2
Model 0 best validation auc = 0.972332 on epoch 10
Model 0 test auc = 0.861607
Model 0 test prc-auc = 0.480952
Model 0 test accuracy = 0.820513
Model 1 best validation auc = 0.996047 on epoch 7
Model 1 test auc = 0.781250
Model 1 test prc-auc = 0.290476
Model 1 test accuracy = 0.820513
Model 2 best validation auc = 0.996047 on epoch 14
Model 2 test auc = 0.888393
Model 2 test prc-auc = 0.719048
Model 2 test accuracy = 0.897436
Ensemble test auc = 0.928571
Ensemble test prc-auc = 0.767857
Ensemble test accuracy = 0.820513
Fold 3
Model 0 best validation auc = 0.300000 on epoch 6
Model 0 test auc = 0.821429
Model 0 test prc-auc = 0.389683
Model 0 test accuracy = 0.820513
Model 1 best validation auc = 0.666667 on epoch 14
Model 1 test auc = 0.928571
Model 1 test prc-auc = 0.898384
Model 1 test accuracy = 0.820513
Model 2 best validation auc = 0.333333 on epoch 12
Model 2 test auc = 0.928571
Model 2 test prc-auc = 0.898384
Model 2 test accuracy = 0.897436
Ensemble test auc = 0.928571
Ensemble test prc-auc = 0.898384
Ensemble test accuracy = 0.820513
Fold 4
Model 0 best validation auc = 0.833333 on epoch 10
Model 0 test auc = 0.460938
Model 0 test prc-auc = 0.131944
Model 0 test accuracy = 0.842105
Model 1 best validation auc = 0.833333 on epoch 13
Model 1 test auc = 0.268229
Model 1 test prc-auc = 0.099706
Model 1 test accuracy = 0.763158
Model 2 best validation auc = 0.847222 on epoch 28
Model 2 test auc = 0.039062
Model 2 test prc-auc = 0.081684
Model 2 test accuracy = 0.842105
Ensemble test auc = 0.346354
Ensemble test prc-auc = 0.109878
Ensemble test accuracy = 0.763158
5-fold cross validation
	Seed 0 ==> test auc = 0.734375
	Seed 0 ==> test prc-auc = 0.218056
	Seed 0 ==> test accuracy = 0.888889
	Seed 1 ==> test auc = 0.741071
	Seed 1 ==> test prc-auc = 0.592582
	Seed 1 ==> test accuracy = 0.820513
	Seed 2 ==> test auc = 0.928571
	Seed 2 ==> test prc-auc = 0.767857
	Seed 2 ==> test accuracy = 0.820513
	Seed 3 ==> test auc = 0.928571
	Seed 3 ==> test prc-auc = 0.898384
	Seed 3 ==> test accuracy = 0.820513
	Seed 4 ==> test auc = 0.346354
	Seed 4 ==> test prc-auc = 0.109878
	Seed 4 ==> test accuracy = 0.763158
Overall test auc = 0.735789 +/- 0.212612
Overall test prc-auc = 0.517352 +/- 0.306337
Overall test accuracy = 0.822717 +/- 0.039851
Elapsed time = 0:09:15
