Fold 0
Model 0 best validation auc = 0.958333 on epoch 8
Model 0 test auc = 0.675781
Model 0 test prc-auc = 0.695548
Model 0 test accuracy = 0.625000
Model 1 best validation auc = 0.940476 on epoch 12
Model 1 test auc = 0.679688
Model 1 test prc-auc = 0.703700
Model 1 test accuracy = 0.625000
Model 2 best validation auc = 0.946429 on epoch 23
Model 2 test auc = 0.792969
Model 2 test prc-auc = 0.793652
Model 2 test accuracy = 0.593750
Ensemble test auc = 0.722656
Ensemble test prc-auc = 0.728797
Ensemble test accuracy = 0.625000
Fold 1
Model 0 best validation auc = 0.812500 on epoch 18
Model 0 test auc = 0.713725
Model 0 test prc-auc = 0.773156
Model 0 test accuracy = 0.468750
Model 1 best validation auc = 0.829167 on epoch 18
Model 1 test auc = 0.670588
Model 1 test prc-auc = 0.742743
Model 1 test accuracy = 0.468750
Model 2 best validation auc = 0.804167 on epoch 19
Model 2 test auc = 0.752941
Model 2 test prc-auc = 0.813782
Model 2 test accuracy = 0.468750
Ensemble test auc = 0.713725
Ensemble test prc-auc = 0.767350
Ensemble test accuracy = 0.468750
Fold 2
Model 0 best validation auc = 0.808333 on epoch 40
Model 0 test auc = 0.800000
Model 0 test prc-auc = 0.915089
Model 0 test accuracy = 0.718750
Model 1 best validation auc = 0.804167 on epoch 1
Model 1 test auc = 0.640909
Model 1 test prc-auc = 0.810720
Model 1 test accuracy = 0.687500
Model 2 best validation auc = 0.808333 on epoch 1
Model 2 test auc = 0.672727
Model 2 test prc-auc = 0.830056
Model 2 test accuracy = 0.687500
Ensemble test auc = 0.813636
Ensemble test prc-auc = 0.919106
Ensemble test accuracy = 0.687500
Fold 3
Model 0 best validation auc = 0.640351 on epoch 78
Model 0 test auc = 0.765873
Model 0 test prc-auc = 0.773270
Model 0 test accuracy = 0.625000
Model 1 best validation auc = 0.640351 on epoch 78
Model 1 test auc = 0.793651
Model 1 test prc-auc = 0.797161
Model 1 test accuracy = 0.656250
Model 2 best validation auc = 0.631579 on epoch 64
Model 2 test auc = 0.753968
Model 2 test prc-auc = 0.758266
Model 2 test accuracy = 0.531250
Ensemble test auc = 0.761905
Ensemble test prc-auc = 0.768195
Ensemble test accuracy = 0.593750
Fold 4
Model 0 best validation auc = 0.750000 on epoch 2
Model 0 test auc = 0.748988
Model 0 test prc-auc = 0.811055
Model 0 test accuracy = 0.593750
Model 1 best validation auc = 0.714912 on epoch 1
Model 1 test auc = 0.781377
Model 1 test prc-auc = 0.845712
Model 1 test accuracy = 0.593750
Model 2 best validation auc = 0.763158 on epoch 5
Model 2 test auc = 0.704453
Model 2 test prc-auc = 0.802484
Model 2 test accuracy = 0.593750
Ensemble test auc = 0.728745
Ensemble test prc-auc = 0.811830
Ensemble test accuracy = 0.593750
5-fold cross validation
	Seed 0 ==> test auc = 0.722656
	Seed 0 ==> test prc-auc = 0.728797
	Seed 0 ==> test accuracy = 0.625000
	Seed 1 ==> test auc = 0.713725
	Seed 1 ==> test prc-auc = 0.767350
	Seed 1 ==> test accuracy = 0.468750
	Seed 2 ==> test auc = 0.813636
	Seed 2 ==> test prc-auc = 0.919106
	Seed 2 ==> test accuracy = 0.687500
	Seed 3 ==> test auc = 0.761905
	Seed 3 ==> test prc-auc = 0.768195
	Seed 3 ==> test accuracy = 0.593750
	Seed 4 ==> test auc = 0.728745
	Seed 4 ==> test prc-auc = 0.811830
	Seed 4 ==> test accuracy = 0.593750
Overall test auc = 0.748134 +/- 0.036576
Overall test prc-auc = 0.799055 +/- 0.065528
Overall test accuracy = 0.593750 +/- 0.071261
Elapsed time = 0:07:55
